<?xml version="1.0" encoding="UTF-8"?>
<!-- Generated by org.testng.reporters.JUnitXMLReporter -->
<testsuite ignored="0" hostname="DESKTOP-DV5D261" failures="0" tests="9" name="firefox" time="23.115" errors="0" timestamp="2021-10-19T11:17:26 IST">
  <testcase classname="TestPackage.VerfiyHomePageFunctionality" name="@BeforeMethod beforeMethod" time="7.947">
    <failure type="org.openqa.selenium.ElementNotInteractableException" message="Element &amp;lt;span class=&amp;quot;nav-action-inner&amp;quot;&amp;gt; could not be scrolled into view
Build info: version: &amp;apos;3.141.59&amp;apos;, revision: &amp;apos;e82be7d358&amp;apos;, time: &amp;apos;2018-11-14T08:17:03&amp;apos;
System info: host: &amp;apos;DESKTOP-DV5D261&amp;apos;, ip: &amp;apos;192.168.10.1&amp;apos;, os.name: &amp;apos;Windows 10&amp;apos;, os.arch: &amp;apos;amd64&amp;apos;, os.version: &amp;apos;10.0&amp;apos;, java.version: &amp;apos;16.0.1&amp;apos;
Driver info: org.openqa.selenium.firefox.FirefoxDriver
Capabilities {acceptInsecureCerts: true, browserName: firefox, browserVersion: 93.0, javascriptEnabled: true, moz:accessibilityChecks: false, moz:buildID: 20210927210923, moz:geckodriverVersion: 0.30.0, moz:headless: false, moz:processID: 22484, moz:profile: C:\Users\DELL\AppData\Local..., moz:shutdownTimeout: 60000, moz:useNonSpecCompliantPointerOrigin: false, moz:webdriverClick: true, pageLoadStrategy: normal, platform: WINDOWS, platformName: WINDOWS, platformVersion: 10.0, proxy: Proxy(), setWindowRect: true, strictFileInteractability: false, timeouts: {implicit: 0, pageLoad: 300000, script: 30000}, unhandledPromptBehavior: dismiss and notify}
Session ID: 1df9d4dc-6ed7-4ea9-b64f-5344977356f8">
      <![CDATA[org.openqa.selenium.ElementNotInteractableException: Element <span class="nav-action-inner"> could not be scrolled into view
Build info: version: '3.141.59', revision: 'e82be7d358', time: '2018-11-14T08:17:03'
System info: host: 'DESKTOP-DV5D261', ip: '192.168.10.1', os.name: 'Windows 10', os.arch: 'amd64', os.version: '10.0', java.version: '16.0.1'
Driver info: org.openqa.selenium.firefox.FirefoxDriver
Capabilities {acceptInsecureCerts: true, browserName: firefox, browserVersion: 93.0, javascriptEnabled: true, moz:accessibilityChecks: false, moz:buildID: 20210927210923, moz:geckodriverVersion: 0.30.0, moz:headless: false, moz:processID: 22484, moz:profile: C:\Users\DELL\AppData\Local..., moz:shutdownTimeout: 60000, moz:useNonSpecCompliantPointerOrigin: false, moz:webdriverClick: true, pageLoadStrategy: normal, platform: WINDOWS, platformName: WINDOWS, platformVersion: 10.0, proxy: Proxy(), setWindowRect: true, strictFileInteractability: false, timeouts: {implicit: 0, pageLoad: 300000, script: 30000}, unhandledPromptBehavior: dismiss and notify}
Session ID: 1df9d4dc-6ed7-4ea9-b64f-5344977356f8
at org.openqa.selenium.remote.http.W3CHttpResponseCodec.createException(W3CHttpResponseCodec.java:187)
at org.openqa.selenium.remote.http.W3CHttpResponseCodec.decode(W3CHttpResponseCodec.java:122)
at org.openqa.selenium.remote.http.W3CHttpResponseCodec.decode(W3CHttpResponseCodec.java:49)
at org.openqa.selenium.remote.HttpCommandExecutor.execute(HttpCommandExecutor.java:158)
at org.openqa.selenium.remote.service.DriverCommandExecutor.execute(DriverCommandExecutor.java:83)
at org.openqa.selenium.remote.RemoteWebDriver.execute(RemoteWebDriver.java:552)
at org.openqa.selenium.remote.RemoteWebElement.execute(RemoteWebElement.java:285)
at org.openqa.selenium.remote.RemoteWebElement.click(RemoteWebElement.java:84)
at org.openqa.selenium.support.pagefactory.internal.LocatingElementHandler.invoke(LocatingElementHandler.java:51)
at jdk.proxy2/jdk.proxy2.$Proxy16.click(Unknown Source)
at POM_Classes.SignINPage.ClickOnSignIN(SignINPage.java:41)
at TestPackage.VerfiyHomePageFunctionality.beforeMethod(VerfiyHomePageFunctionality.java:62)
at java.base/java.util.ArrayList.forEach(ArrayList.java:1511)
... Removed 39 stack frames]]>
    </failure>
  </testcase> <!-- @BeforeMethod beforeMethod -->
  <testcase classname="TestPackage.VerfiyHomePageFunctionality" name="@AfterMethod afterMethod" time="-1.634622446276E9">
    <skipped/>
  </testcase> <!-- @AfterMethod afterMethod -->
  <testcase classname="TestPackage.VerfiyHomePageFunctionality" name="@BeforeMethod beforeMethod" time="-1.634622446298E9">
    <skipped/>
  </testcase> <!-- @BeforeMethod beforeMethod -->
  <testcase classname="TestPackage.VerfiyHomePageFunctionality" name="@AfterMethod afterMethod" time="-1.634622446393E9">
    <skipped/>
  </testcase> <!-- @AfterMethod afterMethod -->
  <testcase classname="TestPackage.VerfiyHomePageFunctionality" name="@BeforeMethod beforeMethod" time="-1.634622446398E9">
    <skipped/>
  </testcase> <!-- @BeforeMethod beforeMethod -->
  <testcase classname="TestPackage.VerfiyHomePageFunctionality" name="@AfterMethod afterMethod" time="-1.634622446447E9">
    <skipped/>
  </testcase> <!-- @AfterMethod afterMethod -->
  <testcase classname="TestPackage.VerfiyHomePageFunctionality" name="@BeforeMethod beforeMethod" time="-1.634622446458E9">
    <skipped/>
  </testcase> <!-- @BeforeMethod beforeMethod -->
  <testcase classname="TestPackage.VerfiyHomePageFunctionality" name="@AfterMethod afterMethod" time="-1.634622446551E9">
    <skipped/>
  </testcase> <!-- @AfterMethod afterMethod -->
  <testcase classname="TestPackage.VerfiyHomePageFunctionality" name="@BeforeMethod beforeMethod" time="-1.634622446558E9">
    <skipped/>
  </testcase> <!-- @BeforeMethod beforeMethod -->
  <testcase classname="TestPackage.VerfiyHomePageFunctionality" name="@AfterMethod afterMethod" time="-1.63462244657E9">
    <skipped/>
  </testcase> <!-- @AfterMethod afterMethod -->
  <testcase classname="TestPackage.VerfiyHomePageFunctionality" name="@BeforeMethod beforeMethod" time="-1.634622446589E9">
    <skipped/>
  </testcase> <!-- @BeforeMethod beforeMethod -->
  <testcase classname="TestPackage.VerfiyHomePageFunctionality" name="@AfterMethod afterMethod" time="-1.634622446629E9">
    <skipped/>
  </testcase> <!-- @AfterMethod afterMethod -->
  <testcase classname="TestPackage.VerfiyHomePageFunctionality" name="@BeforeMethod beforeMethod" time="-1.634622446635E9">
    <skipped/>
  </testcase> <!-- @BeforeMethod beforeMethod -->
  <testcase classname="TestPackage.VerfiyHomePageFunctionality" name="@AfterMethod afterMethod" time="-1.634622446669E9">
    <skipped/>
  </testcase> <!-- @AfterMethod afterMethod -->
  <testcase classname="TestPackage.VerfiyHomePageFunctionality" name="@BeforeMethod beforeMethod" time="-1.634622446676E9">
    <skipped/>
  </testcase> <!-- @BeforeMethod beforeMethod -->
  <testcase classname="TestPackage.VerfiyHomePageFunctionality" name="@AfterMethod afterMethod" time="-1.63462244673E9">
    <skipped/>
  </testcase> <!-- @AfterMethod afterMethod -->
  <testcase classname="TestPackage.VerfiyHomePageFunctionality" name="@BeforeMethod beforeMethod" time="-1.63462244674E9">
    <skipped/>
  </testcase> <!-- @BeforeMethod beforeMethod -->
  <testcase classname="TestPackage.VerfiyHomePageFunctionality" name="@AfterMethod afterMethod" time="-1.634622446796E9">
    <skipped/>
  </testcase> <!-- @AfterMethod afterMethod -->
  <testcase classname="TestPackage.VerfiyHomePageFunctionality" name="@AfterClass afterClass" time="-1.634622446811E9">
    <skipped/>
  </testcase> <!-- @AfterClass afterClass -->
  <testcase classname="TestPackage.VerfiyHomePageFunctionality" name="VerifyAmazonPayButton" time="0.0">
    <skipped/>
  </testcase> <!-- VerifyAmazonPayButton -->
  <testcase classname="TestPackage.VerfiyHomePageFunctionality" name="VerifyBestSellersButton" time="0.0">
    <skipped/>
  </testcase> <!-- VerifyBestSellersButton -->
  <testcase classname="TestPackage.VerfiyHomePageFunctionality" name="VerifyBuyAgainButton" time="0.0">
    <skipped/>
  </testcase> <!-- VerifyBuyAgainButton -->
  <testcase classname="TestPackage.VerfiyHomePageFunctionality" name="VerifyCustomerServiceButton" time="0.0">
    <skipped/>
  </testcase> <!-- VerifyCustomerServiceButton -->
  <testcase classname="TestPackage.VerfiyHomePageFunctionality" name="VerifyElectronicsButton" time="0.0">
    <skipped/>
  </testcase> <!-- VerifyElectronicsButton -->
  <testcase classname="TestPackage.VerfiyHomePageFunctionality" name="VerifyFreshButton" time="0.0">
    <skipped/>
  </testcase> <!-- VerifyFreshButton -->
  <testcase classname="TestPackage.VerfiyHomePageFunctionality" name="VerifyGiftCardsButton" time="0.0">
    <skipped/>
  </testcase> <!-- VerifyGiftCardsButton -->
  <testcase classname="TestPackage.VerfiyHomePageFunctionality" name="VerifyMobilesButton" time="0.0">
    <skipped/>
  </testcase> <!-- VerifyMobilesButton -->
  <testcase classname="TestPackage.VerfiyHomePageFunctionality" name="VerifyPrimeButton" time="0.0">
    <skipped/>
  </testcase> <!-- VerifyPrimeButton -->
</testsuite> <!-- firefox -->
