<?xml version="1.0" encoding="UTF-8"?>
<!-- Generated by org.testng.reporters.JUnitXMLReporter -->
<testsuite ignored="0" hostname="DESKTOP-DV5D261" failures="0" tests="10" name="Test" time="103.305" errors="0" timestamp="2021-10-14T01:57:28 IST">
  <testcase classname="TestPackage.VerfiyHomePageFunctionality" name="@BeforeMethod beforeMethod" time="30.108">
    <failure type="org.openqa.selenium.json.JsonException" message="java.lang.reflect.InvocationTargetException
Build info: version: &amp;apos;3.141.59&amp;apos;, revision: &amp;apos;e82be7d358&amp;apos;, time: &amp;apos;2018-11-14T08:17:03&amp;apos;
System info: host: &amp;apos;DESKTOP-DV5D261&amp;apos;, ip: &amp;apos;192.168.10.1&amp;apos;, os.name: &amp;apos;Windows 10&amp;apos;, os.arch: &amp;apos;amd64&amp;apos;, os.version: &amp;apos;10.0&amp;apos;, java.version: &amp;apos;16.0.1&amp;apos;
Driver info: driver.version: RemoteWebDriver">
      <![CDATA[org.openqa.selenium.json.JsonException: java.lang.reflect.InvocationTargetException
Build info: version: '3.141.59', revision: 'e82be7d358', time: '2018-11-14T08:17:03'
System info: host: 'DESKTOP-DV5D261', ip: '192.168.10.1', os.name: 'Windows 10', os.arch: 'amd64', os.version: '10.0', java.version: '16.0.1'
Driver info: driver.version: RemoteWebDriver
at org.openqa.selenium.json.JsonOutput.convertUsingMethod(JsonOutput.java:332)
at org.openqa.selenium.json.JsonOutput.lambda$new$16(JsonOutput.java:155)
at org.openqa.selenium.json.JsonOutput.write(JsonOutput.java:264)
at org.openqa.selenium.json.JsonOutput.lambda$null$21(JsonOutput.java:168)
at java.base/java.util.LinkedHashMap$LinkedValues.forEach(LinkedHashMap.java:647)
at org.openqa.selenium.json.JsonOutput.lambda$new$22(JsonOutput.java:168)
at org.openqa.selenium.json.JsonOutput.write(JsonOutput.java:264)
at org.openqa.selenium.json.JsonOutput.lambda$null$23(JsonOutput.java:177)
at com.google.common.collect.SingletonImmutableBiMap.forEach(SingletonImmutableBiMap.java:65)
at org.openqa.selenium.json.JsonOutput.lambda$new$24(JsonOutput.java:176)
at org.openqa.selenium.json.JsonOutput.write(JsonOutput.java:264)
at org.openqa.selenium.json.JsonOutput.write(JsonOutput.java:255)
at org.openqa.selenium.json.Json.toJson(Json.java:42)
at org.openqa.selenium.remote.http.AbstractHttpCommandCodec.encode(AbstractHttpCommandCodec.java:227)
at org.openqa.selenium.remote.http.AbstractHttpCommandCodec.encode(AbstractHttpCommandCodec.java:117)
at org.openqa.selenium.remote.HttpCommandExecutor.execute(HttpCommandExecutor.java:152)
at org.openqa.selenium.remote.service.DriverCommandExecutor.execute(DriverCommandExecutor.java:83)
at org.openqa.selenium.remote.RemoteWebDriver.execute(RemoteWebDriver.java:552)
at org.openqa.selenium.remote.RemoteWebDriver.perform(RemoteWebDriver.java:618)
at org.openqa.selenium.interactions.Actions$BuiltAction.perform(Actions.java:639)
at org.openqa.selenium.interactions.Actions.perform(Actions.java:595)
at POM_Classes.SignINPage.ClickOnSignIN(SignINPage.java:39)
at TestPackage.VerfiyHomePageFunctionality.beforeMethod(VerfiyHomePageFunctionality.java:45)
at java.base/java.util.ArrayList.forEach(ArrayList.java:1511)
Suppressed: org.openqa.selenium.json.JsonException: Attempting to close incomplete json stream
Build info: version: '3.141.59', revision: 'e82be7d358', time: '2018-11-14T08:17:03'
System info: host: 'DESKTOP-DV5D261', ip: '192.168.10.1', os.name: 'Windows 10', os.arch: 'amd64', os.version: '10.0', java.version: '16.0.1'
Driver info: driver.version: RemoteWebDriver
at org.openqa.selenium.json.JsonOutput.close(JsonOutput.java:279)
at org.openqa.selenium.json.Json.toJson(Json.java:44)
... 42 more
at org.openqa.selenium.json.JsonOutput.convertUsingMethod(JsonOutput.java:328)
... 54 more
Caused by: org.openqa.selenium.NoSuchElementException: no such element: Unable to locate element: {"method":"xpath","selector":"//a[@data-nav-role='signin']"}
  (Session info: chrome=94.0.4606.81)
For documentation on this error, please visit: https://www.seleniumhq.org/exceptions/no_such_element.html
Build info: version: '3.141.59', revision: 'e82be7d358', time: '2018-11-14T08:17:03'
System info: host: 'DESKTOP-DV5D261', ip: '192.168.10.1', os.name: 'Windows 10', os.arch: 'amd64', os.version: '10.0', java.version: '16.0.1'
Driver info: org.openqa.selenium.chrome.ChromeDriver
Capabilities {acceptInsecureCerts: false, browserName: chrome, browserVersion: 94.0.4606.81, chrome: {chromedriverVersion: 94.0.4606.61 (418b78f5838ed..., userDataDir: C:\Users\DELL\AppData\Local...}, goog:chromeOptions: {debuggerAddress: localhost:63477}, javascriptEnabled: true, networkConnectionEnabled: false, pageLoadStrategy: normal, platform: WINDOWS, platformName: WINDOWS, proxy: Proxy(), setWindowRect: true, strictFileInteractability: false, timeouts: {implicit: 0, pageLoad: 300000, script: 30000}, unhandledPromptBehavior: dismiss and notify, webauthn:extension:credBlob: true, webauthn:extension:largeBlob: true, webauthn:virtualAuthenticators: true}
Session ID: f855174fa2d973837314face78ddd0a0
*** Element info: {Using=xpath, value=//a[@data-nav-role='signin']}
at org.openqa.selenium.remote.http.W3CHttpResponseCodec.createException(W3CHttpResponseCodec.java:187)
at org.openqa.selenium.remote.http.W3CHttpResponseCodec.decode(W3CHttpResponseCodec.java:122)
at org.openqa.selenium.remote.http.W3CHttpResponseCodec.decode(W3CHttpResponseCodec.java:49)
at org.openqa.selenium.remote.HttpCommandExecutor.execute(HttpCommandExecutor.java:158)
at org.openqa.selenium.remote.service.DriverCommandExecutor.execute(DriverCommandExecutor.java:83)
at org.openqa.selenium.remote.RemoteWebDriver.execute(RemoteWebDriver.java:552)
at org.openqa.selenium.remote.RemoteWebDriver.findElement(RemoteWebDriver.java:323)
at org.openqa.selenium.remote.RemoteWebDriver.findElementByXPath(RemoteWebDriver.java:428)
at org.openqa.selenium.By$ByXPath.findElement(By.java:353)
at org.openqa.selenium.remote.RemoteWebDriver.findElement(RemoteWebDriver.java:315)
at org.openqa.selenium.support.pagefactory.DefaultElementLocator.findElement(DefaultElementLocator.java:69)
at org.openqa.selenium.support.pagefactory.internal.LocatingElementHandler.invoke(LocatingElementHandler.java:38)
at jdk.proxy2/jdk.proxy2.$Proxy14.getWrappedElement(Unknown Source)
at org.openqa.selenium.interactions.PointerInput$Origin.asArg(PointerInput.java:204)
at org.openqa.selenium.interactions.PointerInput$Move.encode(PointerInput.java:155)
at org.openqa.selenium.interactions.Sequence.encode(Sequence.java:75)
at org.openqa.selenium.interactions.Sequence.toJson(Sequence.java:84)
... 59 more
... Removed 41 stack frames]]>
    </failure>
  </testcase> <!-- @BeforeMethod beforeMethod -->
  <testcase classname="TestPackage.VerfiyHomePageFunctionality" name="@AfterMethod afterMethod" time="-1.634156847592E9">
    <skipped/>
  </testcase> <!-- @AfterMethod afterMethod -->
  <testcase classname="TestPackage.VerfiyHomePageFunctionality" name="@BeforeMethod beforeMethod" time="-1.634156847598E9">
    <skipped/>
  </testcase> <!-- @BeforeMethod beforeMethod -->
  <testcase classname="TestPackage.VerfiyHomePageFunctionality" name="@AfterMethod afterMethod" time="-1.634156847629E9">
    <skipped/>
  </testcase> <!-- @AfterMethod afterMethod -->
  <testcase classname="TestPackage.VerfiyHomePageFunctionality" name="@BeforeMethod beforeMethod" time="-1.63415684764E9">
    <skipped/>
  </testcase> <!-- @BeforeMethod beforeMethod -->
  <testcase classname="TestPackage.VerfiyHomePageFunctionality" name="@AfterMethod afterMethod" time="-1.634156847692E9">
    <skipped/>
  </testcase> <!-- @AfterMethod afterMethod -->
  <testcase classname="TestPackage.VerfiyHomePageFunctionality" name="@BeforeMethod beforeMethod" time="-1.634156847698E9">
    <skipped/>
  </testcase> <!-- @BeforeMethod beforeMethod -->
  <testcase classname="TestPackage.VerfiyHomePageFunctionality" name="@AfterMethod afterMethod" time="-1.634156847727E9">
    <skipped/>
  </testcase> <!-- @AfterMethod afterMethod -->
  <testcase classname="TestPackage.VerfiyHomePageFunctionality" name="@BeforeMethod beforeMethod" time="-1.634156847738E9">
    <skipped/>
  </testcase> <!-- @BeforeMethod beforeMethod -->
  <testcase classname="TestPackage.VerfiyHomePageFunctionality" name="@AfterMethod afterMethod" time="-1.634156847764E9">
    <skipped/>
  </testcase> <!-- @AfterMethod afterMethod -->
  <testcase classname="TestPackage.VerfiyHomePageFunctionality" name="@BeforeMethod beforeMethod" time="-1.634156847776E9">
    <skipped/>
  </testcase> <!-- @BeforeMethod beforeMethod -->
  <testcase classname="TestPackage.VerfiyHomePageFunctionality" name="@AfterMethod afterMethod" time="-1.634156847817E9">
    <skipped/>
  </testcase> <!-- @AfterMethod afterMethod -->
  <testcase classname="TestPackage.VerfiyHomePageFunctionality" name="@BeforeMethod beforeMethod" time="-1.634156847822E9">
    <skipped/>
  </testcase> <!-- @BeforeMethod beforeMethod -->
  <testcase classname="TestPackage.VerfiyHomePageFunctionality" name="@AfterMethod afterMethod" time="-1.634156847842E9">
    <skipped/>
  </testcase> <!-- @AfterMethod afterMethod -->
  <testcase classname="TestPackage.VerfiyHomePageFunctionality" name="@BeforeMethod beforeMethod" time="-1.634156847852E9">
    <skipped/>
  </testcase> <!-- @BeforeMethod beforeMethod -->
  <testcase classname="TestPackage.VerfiyHomePageFunctionality" name="@AfterMethod afterMethod" time="-1.634156847897E9">
    <skipped/>
  </testcase> <!-- @AfterMethod afterMethod -->
  <testcase classname="TestPackage.VerfiyHomePageFunctionality" name="@AfterClass afterClass" time="-1.6341568479E9">
    <skipped/>
  </testcase> <!-- @AfterClass afterClass -->
  <testcase classname="TestPackage.VerifySignINButton" name="TestA" time="24.243"/>
  <testcase classname="TestPackage.VerfiyHomePageFunctionality" name="VerifyAmazonPayButton" time="8.264"/>
  <testcase classname="TestPackage.VerfiyHomePageFunctionality" name="VerifyBestSellersButton" time="0.0">
    <skipped/>
  </testcase> <!-- VerifyBestSellersButton -->
  <testcase classname="TestPackage.VerfiyHomePageFunctionality" name="VerifyBuyAgainButton" time="0.0">
    <skipped/>
  </testcase> <!-- VerifyBuyAgainButton -->
  <testcase classname="TestPackage.VerfiyHomePageFunctionality" name="VerifyCustomerServiceButton" time="0.0">
    <skipped/>
  </testcase> <!-- VerifyCustomerServiceButton -->
  <testcase classname="TestPackage.VerfiyHomePageFunctionality" name="VerifyElectronicsButton" time="0.0">
    <skipped/>
  </testcase> <!-- VerifyElectronicsButton -->
  <testcase classname="TestPackage.VerfiyHomePageFunctionality" name="VerifyFreshButton" time="0.0">
    <skipped/>
  </testcase> <!-- VerifyFreshButton -->
  <testcase classname="TestPackage.VerfiyHomePageFunctionality" name="VerifyGiftCardsButton" time="0.0">
    <skipped/>
  </testcase> <!-- VerifyGiftCardsButton -->
  <testcase classname="TestPackage.VerfiyHomePageFunctionality" name="VerifyMobilesButton" time="0.0">
    <skipped/>
  </testcase> <!-- VerifyMobilesButton -->
  <testcase classname="TestPackage.VerfiyHomePageFunctionality" name="VerifyPrimeButton" time="0.0">
    <skipped/>
  </testcase> <!-- VerifyPrimeButton -->
</testsuite> <!-- Test -->
