<?xml version="1.0" encoding="UTF-8"?>
<!-- Generated by org.testng.reporters.JUnitXMLReporter -->
<testsuite ignored="0" hostname="DESKTOP-DV5D261" failures="0" tests="9" name="Default test" time="0.813" errors="0" timestamp="2021-10-19T00:34:24 IST">
  <testcase classname="TestPackage.VerfiyHomePageFunctionality" name="@BeforeTest beforeTest" time="-1.634583863042E9">
    <failure type="org.testng.TestNGException" message="
Parameter &amp;apos;browser&amp;apos; is required by BeforeTest on method beforeTest but has not been marked @Optional or defined
in C:\Users\DELL\AppData\Local\Temp\testng-eclipse-535967401\testng-customsuite.xml">
      <![CDATA[org.testng.TestNGException: 
Parameter 'browser' is required by BeforeTest on method beforeTest but has not been marked @Optional or defined
in C:\Users\DELL\AppData\Local\Temp\testng-eclipse-535967401\testng-customsuite.xml
at org.testng.internal.Parameters.createParams(Parameters.java:268)
at org.testng.internal.Parameters.createParametersForMethod(Parameters.java:356)
at org.testng.internal.Parameters.createParameters(Parameters.java:700)
at org.testng.internal.Parameters.createConfigurationParameters(Parameters.java:166)
at org.testng.internal.ConfigInvoker.invokeConfigurations(ConfigInvoker.java:301)
at org.testng.TestRunner.invokeTestConfigurations(TestRunner.java:617)
at org.testng.TestRunner.beforeRun(TestRunner.java:607)
at org.testng.TestRunner.run(TestRunner.java:578)
at org.testng.SuiteRunner.runTest(SuiteRunner.java:384)
at org.testng.SuiteRunner.runSequentially(SuiteRunner.java:378)
at org.testng.SuiteRunner.privateRun(SuiteRunner.java:337)
at org.testng.SuiteRunner.run(SuiteRunner.java:286)
at org.testng.SuiteRunnerWorker.runSuite(SuiteRunnerWorker.java:53)
at org.testng.SuiteRunnerWorker.run(SuiteRunnerWorker.java:96)
at org.testng.TestNG.runSuitesSequentially(TestNG.java:1218)
at org.testng.TestNG.runSuitesLocally(TestNG.java:1140)
at org.testng.TestNG.runSuites(TestNG.java:1069)
at org.testng.TestNG.run(TestNG.java:1037)
at org.testng.remote.AbstractRemoteTestNG.run(AbstractRemoteTestNG.java:115)
at org.testng.remote.RemoteTestNG.initAndRun(RemoteTestNG.java:251)
at org.testng.remote.RemoteTestNG.main(RemoteTestNG.java:77)
]]>
    </failure>
  </testcase> <!-- @BeforeTest beforeTest -->
  <testcase classname="TestPackage.VerfiyHomePageFunctionality" name="@BeforeClass beforeClass" time="-1.634583863169E9">
    <skipped/>
  </testcase> <!-- @BeforeClass beforeClass -->
  <testcase classname="TestPackage.VerfiyHomePageFunctionality" name="@BeforeMethod beforeMethod" time="-1.634583863213E9">
    <skipped/>
  </testcase> <!-- @BeforeMethod beforeMethod -->
  <testcase classname="TestPackage.VerfiyHomePageFunctionality" name="@AfterMethod afterMethod" time="-1.634583863302E9">
    <skipped/>
  </testcase> <!-- @AfterMethod afterMethod -->
  <testcase classname="TestPackage.VerfiyHomePageFunctionality" name="@BeforeMethod beforeMethod" time="-1.634583863306E9">
    <skipped/>
  </testcase> <!-- @BeforeMethod beforeMethod -->
  <testcase classname="TestPackage.VerfiyHomePageFunctionality" name="@AfterMethod afterMethod" time="-1.634583863357E9">
    <skipped/>
  </testcase> <!-- @AfterMethod afterMethod -->
  <testcase classname="TestPackage.VerfiyHomePageFunctionality" name="@BeforeMethod beforeMethod" time="-1.634583863366E9">
    <skipped/>
  </testcase> <!-- @BeforeMethod beforeMethod -->
  <testcase classname="TestPackage.VerfiyHomePageFunctionality" name="@AfterMethod afterMethod" time="-1.63458386339E9">
    <skipped/>
  </testcase> <!-- @AfterMethod afterMethod -->
  <testcase classname="TestPackage.VerfiyHomePageFunctionality" name="@BeforeMethod beforeMethod" time="-1.634583863418E9">
    <skipped/>
  </testcase> <!-- @BeforeMethod beforeMethod -->
  <testcase classname="TestPackage.VerfiyHomePageFunctionality" name="@AfterMethod afterMethod" time="-1.634583863427E9">
    <skipped/>
  </testcase> <!-- @AfterMethod afterMethod -->
  <testcase classname="TestPackage.VerfiyHomePageFunctionality" name="@BeforeMethod beforeMethod" time="-1.634583863432E9">
    <skipped/>
  </testcase> <!-- @BeforeMethod beforeMethod -->
  <testcase classname="TestPackage.VerfiyHomePageFunctionality" name="@AfterMethod afterMethod" time="-1.634583863444E9">
    <skipped/>
  </testcase> <!-- @AfterMethod afterMethod -->
  <testcase classname="TestPackage.VerfiyHomePageFunctionality" name="@BeforeMethod beforeMethod" time="-1.634583863511E9">
    <skipped/>
  </testcase> <!-- @BeforeMethod beforeMethod -->
  <testcase classname="TestPackage.VerfiyHomePageFunctionality" name="@AfterMethod afterMethod" time="-1.634583863548E9">
    <skipped/>
  </testcase> <!-- @AfterMethod afterMethod -->
  <testcase classname="TestPackage.VerfiyHomePageFunctionality" name="@BeforeMethod beforeMethod" time="-1.634583863552E9">
    <skipped/>
  </testcase> <!-- @BeforeMethod beforeMethod -->
  <testcase classname="TestPackage.VerfiyHomePageFunctionality" name="@AfterMethod afterMethod" time="-1.634583863567E9">
    <skipped/>
  </testcase> <!-- @AfterMethod afterMethod -->
  <testcase classname="TestPackage.VerfiyHomePageFunctionality" name="@BeforeMethod beforeMethod" time="-1.634583863569E9">
    <skipped/>
  </testcase> <!-- @BeforeMethod beforeMethod -->
  <testcase classname="TestPackage.VerfiyHomePageFunctionality" name="@AfterMethod afterMethod" time="-1.634583863691E9">
    <skipped/>
  </testcase> <!-- @AfterMethod afterMethod -->
  <testcase classname="TestPackage.VerfiyHomePageFunctionality" name="@BeforeMethod beforeMethod" time="-1.634583863697E9">
    <skipped/>
  </testcase> <!-- @BeforeMethod beforeMethod -->
  <testcase classname="TestPackage.VerfiyHomePageFunctionality" name="@AfterMethod afterMethod" time="-1.634583863788E9">
    <skipped/>
  </testcase> <!-- @AfterMethod afterMethod -->
  <testcase classname="TestPackage.VerfiyHomePageFunctionality" name="@AfterClass afterClass" time="-1.634583863811E9">
    <skipped/>
  </testcase> <!-- @AfterClass afterClass -->
  <testcase classname="TestPackage.VerfiyHomePageFunctionality" name="VerifyAmazonPayButton" time="0.0">
    <skipped/>
  </testcase> <!-- VerifyAmazonPayButton -->
  <testcase classname="TestPackage.VerfiyHomePageFunctionality" name="VerifyBestSellersButton" time="0.0">
    <skipped/>
  </testcase> <!-- VerifyBestSellersButton -->
  <testcase classname="TestPackage.VerfiyHomePageFunctionality" name="VerifyBuyAgainButton" time="0.0">
    <skipped/>
  </testcase> <!-- VerifyBuyAgainButton -->
  <testcase classname="TestPackage.VerfiyHomePageFunctionality" name="VerifyCustomerServiceButton" time="0.0">
    <skipped/>
  </testcase> <!-- VerifyCustomerServiceButton -->
  <testcase classname="TestPackage.VerfiyHomePageFunctionality" name="VerifyElectronicsButton" time="0.0">
    <skipped/>
  </testcase> <!-- VerifyElectronicsButton -->
  <testcase classname="TestPackage.VerfiyHomePageFunctionality" name="VerifyFreshButton" time="0.0">
    <skipped/>
  </testcase> <!-- VerifyFreshButton -->
  <testcase classname="TestPackage.VerfiyHomePageFunctionality" name="VerifyGiftCardsButton" time="0.0">
    <skipped/>
  </testcase> <!-- VerifyGiftCardsButton -->
  <testcase classname="TestPackage.VerfiyHomePageFunctionality" name="VerifyMobilesButton" time="0.0">
    <skipped/>
  </testcase> <!-- VerifyMobilesButton -->
  <testcase classname="TestPackage.VerfiyHomePageFunctionality" name="VerifyPrimeButton" time="0.0">
    <skipped/>
  </testcase> <!-- VerifyPrimeButton -->
</testsuite> <!-- Default test -->
