<?xml version="1.0" encoding="UTF-8"?>
<!-- Generated by org.testng.reporters.JUnitReportReporter -->
<testsuite hostname="DESKTOP-DV5D261" failures="0" tests="19" name="TestPackage.VerfiyHomePageFunctionality" time="299.919" errors="1" timestamp="2021-10-19T11:17:28 IST" skipped="9">
  <testcase classname="TestPackage.VerfiyHomePageFunctionality" name="VerifyBestSellersButton" time="31.453"/>
  <system-out/>
  <testcase classname="TestPackage.VerfiyHomePageFunctionality" name="VerifyMobilesButton" time="0.000">
    <skipped/>
  </testcase> <!-- VerifyMobilesButton -->
  <system-out/>
  <testcase classname="TestPackage.VerfiyHomePageFunctionality" name="VerifyBuyAgainButton" time="34.439"/>
  <system-out/>
  <testcase classname="TestPackage.VerfiyHomePageFunctionality" name="VerifyPrimeButton" time="32.606"/>
  <system-out/>
  <testcase classname="TestPackage.VerfiyHomePageFunctionality" name="beforeMethod" time="7.947">
    <error message="Element &lt;span class=&quot;nav-action-inner&quot;&gt; could not be scrolled into view
Build info: version: &#039;3.141.59&#039;, revision: &#039;e82be7d358&#039;, time: &#039;2018-11-14T08:17:03&#039;
System info: host: &#039;DESKTOP-DV5D261&#039;, ip: &#039;192.168.10.1&#039;, os.name: &#039;Windows 10&#039;, os.arch: &#039;amd64&#039;, os.version: &#039;10.0&#039;, java.version: &#039;16.0.1&#039;
Driver info: org.openqa.selenium.firefox.FirefoxDriver
Capabilities {acceptInsecureCerts: true, browserName: firefox, browserVersion: 93.0, javascriptEnabled: true, moz:accessibilityChecks: false, moz:buildID: 20210927210923, moz:geckodriverVersion: 0.30.0, moz:headless: false, moz:processID: 22484, moz:profile: C:\Users\DELL\AppData\Local..., moz:shutdownTimeout: 60000, moz:useNonSpecCompliantPointerOrigin: false, moz:webdriverClick: true, pageLoadStrategy: normal, platform: WINDOWS, platformName: WINDOWS, platformVersion: 10.0, proxy: Proxy(), setWindowRect: true, strictFileInteractability: false, timeouts: {implicit: 0, pageLoad: 300000, script: 30000}, unhandledPromptBehavior: dismiss and notify}
Session ID: 1df9d4dc-6ed7-4ea9-b64f-5344977356f8" type="org.openqa.selenium.ElementNotInteractableException">
      <![CDATA[org.openqa.selenium.ElementNotInteractableException: Element <span class="nav-action-inner"> could not be scrolled into view
Build info: version: '3.141.59', revision: 'e82be7d358', time: '2018-11-14T08:17:03'
System info: host: 'DESKTOP-DV5D261', ip: '192.168.10.1', os.name: 'Windows 10', os.arch: 'amd64', os.version: '10.0', java.version: '16.0.1'
Driver info: org.openqa.selenium.firefox.FirefoxDriver
Capabilities {acceptInsecureCerts: true, browserName: firefox, browserVersion: 93.0, javascriptEnabled: true, moz:accessibilityChecks: false, moz:buildID: 20210927210923, moz:geckodriverVersion: 0.30.0, moz:headless: false, moz:processID: 22484, moz:profile: C:\Users\DELL\AppData\Local..., moz:shutdownTimeout: 60000, moz:useNonSpecCompliantPointerOrigin: false, moz:webdriverClick: true, pageLoadStrategy: normal, platform: WINDOWS, platformName: WINDOWS, platformVersion: 10.0, proxy: Proxy(), setWindowRect: true, strictFileInteractability: false, timeouts: {implicit: 0, pageLoad: 300000, script: 30000}, unhandledPromptBehavior: dismiss and notify}
Session ID: 1df9d4dc-6ed7-4ea9-b64f-5344977356f8
at java.base/jdk.internal.reflect.NativeConstructorAccessorImpl.newInstance0(Native Method)
at java.base/jdk.internal.reflect.NativeConstructorAccessorImpl.newInstance(NativeConstructorAccessorImpl.java:78)
at java.base/jdk.internal.reflect.DelegatingConstructorAccessorImpl.newInstance(DelegatingConstructorAccessorImpl.java:45)
at java.base/java.lang.reflect.Constructor.newInstanceWithCaller(Constructor.java:499)
at java.base/java.lang.reflect.Constructor.newInstance(Constructor.java:480)
at org.openqa.selenium.remote.http.W3CHttpResponseCodec.createException(W3CHttpResponseCodec.java:187)
at org.openqa.selenium.remote.http.W3CHttpResponseCodec.decode(W3CHttpResponseCodec.java:122)
at org.openqa.selenium.remote.http.W3CHttpResponseCodec.decode(W3CHttpResponseCodec.java:49)
at org.openqa.selenium.remote.HttpCommandExecutor.execute(HttpCommandExecutor.java:158)
at org.openqa.selenium.remote.service.DriverCommandExecutor.execute(DriverCommandExecutor.java:83)
at org.openqa.selenium.remote.RemoteWebDriver.execute(RemoteWebDriver.java:552)
at org.openqa.selenium.remote.RemoteWebElement.execute(RemoteWebElement.java:285)
at org.openqa.selenium.remote.RemoteWebElement.click(RemoteWebElement.java:84)
at jdk.internal.reflect.GeneratedMethodAccessor1.invoke(Unknown Source)
at java.base/jdk.internal.reflect.DelegatingMethodAccessorImpl.invoke(DelegatingMethodAccessorImpl.java:43)
at java.base/java.lang.reflect.Method.invoke(Method.java:567)
at org.openqa.selenium.support.pagefactory.internal.LocatingElementHandler.invoke(LocatingElementHandler.java:51)
at jdk.proxy2/jdk.proxy2.$Proxy16.click(Unknown Source)
at POM_Classes.SignINPage.ClickOnSignIN(SignINPage.java:41)
at TestPackage.VerfiyHomePageFunctionality.beforeMethod(VerfiyHomePageFunctionality.java:62)
at java.base/jdk.internal.reflect.NativeMethodAccessorImpl.invoke0(Native Method)
at java.base/jdk.internal.reflect.NativeMethodAccessorImpl.invoke(NativeMethodAccessorImpl.java:78)
at java.base/jdk.internal.reflect.DelegatingMethodAccessorImpl.invoke(DelegatingMethodAccessorImpl.java:43)
at java.base/java.lang.reflect.Method.invoke(Method.java:567)
at org.testng.internal.MethodInvocationHelper.invokeMethod(MethodInvocationHelper.java:132)
at org.testng.internal.MethodInvocationHelper.invokeMethodConsideringTimeout(MethodInvocationHelper.java:61)
at org.testng.internal.ConfigInvoker.invokeConfigurationMethod(ConfigInvoker.java:366)
at org.testng.internal.ConfigInvoker.invokeConfigurations(ConfigInvoker.java:320)
at org.testng.internal.TestInvoker.runConfigMethods(TestInvoker.java:701)
at org.testng.internal.TestInvoker.invokeMethod(TestInvoker.java:527)
at org.testng.internal.TestInvoker.invokeTestMethod(TestInvoker.java:174)
at org.testng.internal.MethodRunner.runInSequence(MethodRunner.java:46)
at org.testng.internal.TestInvoker$MethodInvocationAgent.invoke(TestInvoker.java:822)
at org.testng.internal.TestInvoker.invokeTestMethods(TestInvoker.java:147)
at org.testng.internal.TestMethodWorker.invokeTestMethods(TestMethodWorker.java:146)
at org.testng.internal.TestMethodWorker.run(TestMethodWorker.java:128)
at java.base/java.util.ArrayList.forEach(ArrayList.java:1511)
at org.testng.TestRunner.privateRun(TestRunner.java:764)
at org.testng.TestRunner.run(TestRunner.java:585)
at org.testng.SuiteRunner.runTest(SuiteRunner.java:384)
at org.testng.SuiteRunner.runSequentially(SuiteRunner.java:378)
at org.testng.SuiteRunner.privateRun(SuiteRunner.java:337)
at org.testng.SuiteRunner.run(SuiteRunner.java:286)
at org.testng.SuiteRunnerWorker.runSuite(SuiteRunnerWorker.java:53)
at org.testng.SuiteRunnerWorker.run(SuiteRunnerWorker.java:96)
at org.testng.TestNG.runSuitesSequentially(TestNG.java:1218)
at org.testng.TestNG.runSuitesLocally(TestNG.java:1140)
at org.testng.TestNG.runSuites(TestNG.java:1069)
at org.testng.TestNG.run(TestNG.java:1037)
at org.testng.remote.AbstractRemoteTestNG.run(AbstractRemoteTestNG.java:115)
at org.testng.remote.RemoteTestNG.initAndRun(RemoteTestNG.java:251)
at org.testng.remote.RemoteTestNG.main(RemoteTestNG.java:77)
]]>
    </error>
  </testcase> <!-- beforeMethod -->
  <system-out/>
  <testcase classname="TestPackage.VerfiyHomePageFunctionality" name="VerifyFreshButton" time="0.000">
    <skipped/>
  </testcase> <!-- VerifyFreshButton -->
  <system-out/>
  <testcase classname="TestPackage.VerfiyHomePageFunctionality" name="VerifyGiftCardsButton" time="0.000">
    <skipped/>
  </testcase> <!-- VerifyGiftCardsButton -->
  <system-out/>
  <testcase classname="TestPackage.VerfiyHomePageFunctionality" name="VerifyCustomerServiceButton" time="0.000">
    <skipped/>
  </testcase> <!-- VerifyCustomerServiceButton -->
  <system-out/>
  <testcase classname="TestPackage.VerfiyHomePageFunctionality" name="VerifyGiftCardsButton" time="31.508"/>
  <system-out/>
  <testcase classname="TestPackage.VerfiyHomePageFunctionality" name="VerifyMobilesButton" time="33.604"/>
  <system-out/>
  <testcase classname="TestPackage.VerfiyHomePageFunctionality" name="VerifyElectronicsButton" time="31.914"/>
  <system-out/>
  <testcase classname="TestPackage.VerfiyHomePageFunctionality" name="VerifyCustomerServiceButton" time="31.070"/>
  <system-out/>
  <testcase classname="TestPackage.VerfiyHomePageFunctionality" name="VerifyAmazonPayButton" time="31.459"/>
  <system-out/>
  <testcase classname="TestPackage.VerfiyHomePageFunctionality" name="VerifyBuyAgainButton" time="0.000">
    <skipped/>
  </testcase> <!-- VerifyBuyAgainButton -->
  <system-out/>
  <testcase classname="TestPackage.VerfiyHomePageFunctionality" name="VerifyElectronicsButton" time="0.000">
    <skipped/>
  </testcase> <!-- VerifyElectronicsButton -->
  <system-out/>
  <testcase classname="TestPackage.VerfiyHomePageFunctionality" name="VerifyPrimeButton" time="0.000">
    <skipped/>
  </testcase> <!-- VerifyPrimeButton -->
  <system-out/>
  <testcase classname="TestPackage.VerfiyHomePageFunctionality" name="VerifyBestSellersButton" time="0.000">
    <skipped/>
  </testcase> <!-- VerifyBestSellersButton -->
  <system-out/>
  <testcase classname="TestPackage.VerfiyHomePageFunctionality" name="VerifyFreshButton" time="33.919"/>
  <system-out/>
  <testcase classname="TestPackage.VerfiyHomePageFunctionality" name="VerifyAmazonPayButton" time="0.000">
    <skipped/>
  </testcase> <!-- VerifyAmazonPayButton -->
  <system-out/>
</testsuite> <!-- TestPackage.VerfiyHomePageFunctionality -->
